<?xml version="1.0" encoding="UTF-8"?>
<testsuite name="service.CalculateScoreTest" tests="1" skipped="0" failures="0" errors="0" timestamp="2025-03-20T22:57:30" hostname="Giang-Hoangs.local" time="0.002">
  <properties/>
  <testcase name="test calculate score ()" classname="service.CalculateScoreTest" time="0.002"/>
  <system-out><![CDATA[]]></system-out>
  <system-err><![CDATA[]]></system-err>
</testsuite>
