<?xml version="1.0" encoding="UTF-8"?>
<testsuite name="service.DeepCopyExtensionsTest" tests="13" skipped="0" failures="0" errors="0" timestamp="2025-03-20T22:57:31" hostname="Giang-Hoangs.local" time="0.013">
  <properties/>
  <testcase name="testMasterCardDeepCopy()" classname="service.DeepCopyExtensionsTest" time="0.003"/>
  <testcase name="testBonsaiGameStateDeepCopy()" classname="service.DeepCopyExtensionsTest" time="0.002"/>
  <testcase name="testParchmentCardDeepCopy()" classname="service.DeepCopyExtensionsTest" time="0.0"/>
  <testcase name="testPlayerBonsaiTreeDeepCopy()" classname="service.DeepCopyExtensionsTest" time="0.001"/>
  <testcase name="testPlayerCollectedCardsDeepCopy()" classname="service.DeepCopyExtensionsTest" time="0.0"/>
  <testcase name="testPlayerClaimedGoalsDeepCopy()" classname="service.DeepCopyExtensionsTest" time="0.0"/>
  <testcase name="testToolCardDeepCopy()" classname="service.DeepCopyExtensionsTest" time="0.0"/>
  <testcase name="testPlayerPersonalSupplyDeepCopy()" classname="service.DeepCopyExtensionsTest" time="0.0"/>
  <testcase name="testPlayerRenouncedGoalsDeepCopy()" classname="service.DeepCopyExtensionsTest" time="0.0"/>
  <testcase name="testPlayerDeepCopy()" classname="service.DeepCopyExtensionsTest" time="0.0"/>
  <testcase name="testPlayerPlayableTilesShallowCopy()" classname="service.DeepCopyExtensionsTest" time="0.0"/>
  <testcase name="testBonsaiGameStateFaceUpCardsDeepCopy()" classname="service.DeepCopyExtensionsTest" time="0.001"/>
  <testcase name="testBonsaiGameStateZenDeckDeepCopy()" classname="service.DeepCopyExtensionsTest" time="0.001"/>
  <system-out><![CDATA[]]></system-out>
  <system-err><![CDATA[]]></system-err>
</testsuite>
