<?xml version="1.0" encoding="UTF-8"?>
<testsuite name="service.CreateGoalTilesTest" tests="1" skipped="0" failures="0" errors="0" timestamp="2025-03-20T22:57:30" hostname="Giang-Hoangs.local" time="0.908">
  <properties/>
  <testcase name="testGoalTilesForTwoPlayers()" classname="service.CreateGoalTilesTest" time="0.908"/>
  <system-out><![CDATA[]]></system-out>
  <system-err><![CDATA[]]></system-err>
</testsuite>
