<?xml version="1.0" encoding="UTF-8"?>
<testsuite name="service.CanEndTurnTest" tests="2" skipped="0" failures="0" errors="0" timestamp="2025-03-20T22:57:30" hostname="Giang-Hoangs.local" time="0.002">
  <properties/>
  <testcase name="testCanEndTurnIfHasNotPlayed()" classname="service.CanEndTurnTest" time="0.001"/>
  <testcase name="testCanEndTurnIfHasPlayed()" classname="service.CanEndTurnTest" time="0.001"/>
  <system-out><![CDATA[]]></system-out>
  <system-err><![CDATA[]]></system-err>
</testsuite>
