<?xml version="1.0" encoding="UTF-8"?>
<testsuite name="service.DiscardSupplyTileTest" tests="2" skipped="0" failures="0" errors="0" timestamp="2025-03-20T22:57:31" hostname="Giang-Hoangs.local" time="0.001">
  <properties/>
  <testcase name="testDiscardSupplyTileIfOverCapacity()" classname="service.DiscardSupplyTileTest" time="0.0"/>
  <testcase name="testDiscardSupplyTileIfNotOverCapacity()" classname="service.DiscardSupplyTileTest" time="0.0"/>
  <system-out><![CDATA[]]></system-out>
  <system-err><![CDATA[]]></system-err>
</testsuite>
