<?xml version="1.0" encoding="UTF-8"?>
<testsuite name="service.PlayMasterTest" tests="1" skipped="0" failures="0" errors="0" timestamp="2025-03-20T22:57:57" hostname="Giang-Hoangs.local" time="0.0">
  <properties/>
  <testcase name="testMasterEffektWithThreeTiles()" classname="service.PlayMasterTest" time="0.0"/>
  <system-out><![CDATA[]]></system-out>
  <system-err><![CDATA[]]></system-err>
</testsuite>
