<?xml version="1.0" encoding="UTF-8"?>
<testsuite name="service.StartNewGameTest" tests="6" skipped="0" failures="0" errors="0" timestamp="2025-03-20T22:57:58" hostname="Giang-Hoangs.local" time="0.03">
  <properties/>
  <testcase name="testIfNamesCorrect()" classname="service.StartNewGameTest" time="0.006"/>
  <testcase name="testPlayerOrder()" classname="service.StartNewGameTest" time="0.004"/>
  <testcase name="testPlayerSize()" classname="service.StartNewGameTest" time="0.004"/>
  <testcase name="testFaceUpCardsSize()" classname="service.StartNewGameTest" time="0.005"/>
  <testcase name="testIfGameIsNotNull()" classname="service.StartNewGameTest" time="0.005"/>
  <testcase name="testStartingTiles()" classname="service.StartNewGameTest" time="0.004"/>
  <system-out><![CDATA[]]></system-out>
  <system-err><![CDATA[]]></system-err>
</testsuite>
