<?xml version="1.0" encoding="UTF-8"?>
<testsuite name="service.CanRedoTest" tests="4" skipped="0" failures="0" errors="0" timestamp="2025-03-20T22:57:30" hostname="Giang-Hoangs.local" time="0.002">
  <properties/>
  <testcase name="testRedoValid()" classname="service.CanRedoTest" time="0.001"/>
  <testcase name="testCanRedoIfHistoryPosSmallerSize()" classname="service.CanRedoTest" time="0.0"/>
  <testcase name="testCanNotRedoIfGameStateEmpty()" classname="service.CanRedoTest" time="0.0"/>
  <testcase name="testCanNotRedoIfHistoryPosGreaterSize()" classname="service.CanRedoTest" time="0.0"/>
  <system-out><![CDATA[]]></system-out>
  <system-err><![CDATA[]]></system-err>
</testsuite>
