<?xml version="1.0" encoding="UTF-8"?>
<testsuite name="service.NetworkExtensionTest" tests="8" skipped="0" failures="0" errors="0" timestamp="2025-03-20T22:57:51" hostname="Giang-Hoangs.local" time="0.011">
  <properties/>
  <testcase name="testColorToColorTypeMessage()" classname="service.NetworkExtensionTest" time="0.001"/>
  <testcase name="testColorTypeMessageToColor()" classname="service.NetworkExtensionTest" time="0.002"/>
  <testcase name="testTileToTileTypeMessage()" classname="service.NetworkExtensionTest" time="0.001"/>
  <testcase name="testGoalTileTypeMessageToGoal()" classname="service.NetworkExtensionTest" time="0.001"/>
  <testcase name="testGoalToGoalTileTypeMessage()" classname="service.NetworkExtensionTest" time="0.0"/>
  <testcase name="testCardTypeMessageToCard()" classname="service.NetworkExtensionTest" time="0.0"/>
  <testcase name="testTileTypeMessageToTile()" classname="service.NetworkExtensionTest" time="0.0"/>
  <testcase name="testCardToCardTypeMessage()" classname="service.NetworkExtensionTest" time="0.0"/>
  <system-out><![CDATA[]]></system-out>
  <system-err><![CDATA[]]></system-err>
</testsuite>
