<?xml version="1.0" encoding="UTF-8"?>
<testsuite name="service.CultivateTest" tests="4" skipped="0" failures="0" errors="0" timestamp="2025-03-20T22:57:31" hostname="Giang-Hoangs.local" time="0.002">
  <properties/>
  <testcase name="testCultivateStateChange()" classname="service.CultivateTest" time="0.0"/>
  <testcase name="testCultivateHasPlayedAlready()" classname="service.CultivateTest" time="0.001"/>
  <testcase name="testCultivatePlayableTilesCopy()" classname="service.CultivateTest" time="0.0"/>
  <testcase name="testCultivateSetHasPlayed()" classname="service.CultivateTest" time="0.0"/>
  <system-out><![CDATA[]]></system-out>
  <system-err><![CDATA[]]></system-err>
</testsuite>
