<?xml version="1.0" encoding="UTF-8"?>
<testsuite name="service.CanPlayWoodTest" tests="2" skipped="0" failures="0" errors="0" timestamp="2025-03-20T22:57:30" hostname="Giang-Hoangs.local" time="0.001">
  <properties/>
  <testcase name="test canPlayWood fails()" classname="service.CanPlayWoodTest" time="0.001"/>
  <testcase name="test canPlayWood returns true for valid play()" classname="service.CanPlayWoodTest" time="0.0"/>
  <system-out><![CDATA[]]></system-out>
  <system-err><![CDATA[]]></system-err>
</testsuite>
