<?xml version="1.0" encoding="UTF-8"?>
<testsuite name="service.NetworkServiceTest" tests="11" skipped="0" failures="0" errors="0" timestamp="2025-03-20T22:57:51" hostname="Giang-Hoangs.local" time="6.578">
  <properties/>
  <testcase name="testSendStartGameMessage()" classname="service.NetworkServiceTest" time="0.21"/>
  <testcase name="testSendMeditateMessage()" classname="service.NetworkServiceTest" time="0.0"/>
  <testcase name="testReceiveMeditateMessage()" classname="service.NetworkServiceTest" time="0.001"/>
  <testcase name="testReceiveCultivateMessage()" classname="service.NetworkServiceTest" time="0.0"/>
  <testcase name="testJoinGame()" classname="service.NetworkServiceTest" time="0.044"/>
  <testcase name="testReceiveStartGameMessage()" classname="service.NetworkServiceTest" time="0.017"/>
  <testcase name="testDisconnect()" classname="service.NetworkServiceTest" time="0.001"/>
  <testcase name="testSendMeditate()" classname="service.NetworkServiceTest" time="6.178"/>
  <testcase name="testCreateGame()" classname="service.NetworkServiceTest" time="0.119"/>
  <testcase name="testSendCultivateMessage()" classname="service.NetworkServiceTest" time="0.0"/>
  <testcase name="testUpdateConnectionState()" classname="service.NetworkServiceTest" time="0.0"/>
  <system-out><![CDATA[[INFO] Initializing BoardGameClient on host sopra.cs.tu-dortmund.de:80/bgw-net/connect.
[DEBUG] Initializing annotated receiver functions.
[INFO] Connecting to ws://sopra.cs.tu-dortmund.de:80/bgw-net/connect.
[INFO] Connection is now open.
[DEBUG] Connection call succeeded without interruption and returned true.
[INFO] Requesting creation of new game with ID "Bonsai", sessionID "1234" and greeting message "Welcome!^_^".
[INFO] Sending GameActionMessage edu.udo.cs.sopra.ntf.StartGameMessage
[DEBUG] Found the following GameActionClasses:
[DEBUG] edu.udo.cs.sopra.ntf.CultivateMessage
[DEBUG] edu.udo.cs.sopra.ntf.MeditateMessage
[DEBUG] edu.udo.cs.sopra.ntf.StartGameMessage
[DEBUG] tools.aqua.bgw.net.protocol.client.service.messages.MauMauGameAction
[DEBUG] tools.aqua.bgw.net.protocol.client.service.messages.MauMauInitGameAction
[DEBUG] tools.aqua.bgw.net.protocol.client.service.messages.MauMauEndGameAction
[DEBUG] tools.aqua.bgw.net.protocol.client.service.messages.MauMauShuffleStackGameAction
[DEBUG] Found the following GameActionReceivers:
[DEBUG] onStartGameMessageReceived
[DEBUG] onCultivateMessage
[DEBUG] onMeditateMessage
[DEBUG] Sending GameAction as JSON: {"orderedPlayerNames":[{"first":"Tom","second":"RED"},{"first":"Tomy","second":"BLUE"},{"first":"Tomi","second":"BLACK"}],"chosenGoalTiles":["BROWN","PINK","GREEN"],"orderedCards":[{"first":"HELPER","second":17},{"first":"MASTER","second":26},{"first":"MASTER","second":22},{"first":"GROWTH","second":3},{"first":"MASTER","second":23},{"first":"GROWTH","second":7},{"first":"TOOL","second":41},{"first":"HELPER","second":20},{"first":"MASTER","second":29},{"first":"PARCHMENT","second":37},{"first":"HELPER","second":19},{"first":"MASTER","second":27},{"first":"TOOL","second":44},{"first":"HELPER","second":18},{"first":"MASTER","second":21},{"first":"PARCHMENT","second":36},{"first":"MASTER","second":28},{"first":"HELPER","second":15},{"first":"GROWTH","second":8},{"first":"MASTER","second":30},{"first":"TOOL","second":42},{"first":"PARCHMENT","second":38},{"first":"PARCHMENT","second":35},{"first":"GROWTH","second":0},{"first":"GROWTH","second":9},{"first":"HELPER","second":14},{"first":"GROWTH","second":5},{"first":"MASTER","second":31},{"first":"GROWTH","second":11},{"first":"PARCHMENT","second":39},{"first":"MASTER","second":25},{"first":"GROWTH","second":6},{"first":"PARCHMENT","second":40},{"first":"HELPER","second":16},{"first":"GROWTH","second":1},{"first":"GROWTH","second":2},{"first":"TOOL","second":43},{"first":"MASTER","second":32},{"first":"GROWTH","second":4},{"first":"MASTER","second":24},{"first":"GROWTH","second":10},{"first":"PARCHMENT","second":34},{"first":"TOOL","second":45}]}
[INFO] Disconnecting.
[INFO] Connection is now closed.
[DEBUG] Status code is: 1000. The connection was closed with the following reason: . The closing was initiated by the local host.
[DEBUG] Disconnection call succeeded without interruption.
[INFO] Initializing BoardGameClient on host sopra.cs.tu-dortmund.de:80/bgw-net/connect.
[DEBUG] Initializing annotated receiver functions.
[INFO] Connecting to ws://sopra.cs.tu-dortmund.de:80/bgw-net/connect.
[INFO] Connection is now open.
[DEBUG] Connection call succeeded without interruption and returned true.
[INFO] Requesting joining to sessionID 1234. Greeting message is: Welcome!^o^.
[INFO] Initializing BoardGameClient on host sopra.cs.tu-dortmund.de:80/bgw-net/connect.
[DEBUG] Initializing annotated receiver functions.
[INFO] Connecting to ws://sopra.cs.tu-dortmund.de:80/bgw-net/connect.
[DEBUG] Found the following GameActionClasses:
[DEBUG] edu.udo.cs.sopra.ntf.CultivateMessage
[DEBUG] edu.udo.cs.sopra.ntf.MeditateMessage
[DEBUG] edu.udo.cs.sopra.ntf.StartGameMessage
[DEBUG] tools.aqua.bgw.net.protocol.client.service.messages.MauMauGameAction
[DEBUG] tools.aqua.bgw.net.protocol.client.service.messages.MauMauInitGameAction
[DEBUG] tools.aqua.bgw.net.protocol.client.service.messages.MauMauEndGameAction
[DEBUG] tools.aqua.bgw.net.protocol.client.service.messages.MauMauShuffleStackGameAction
[DEBUG] Found the following GameActionReceivers:
[DEBUG] onStartGameMessageReceived
[DEBUG] onCultivateMessage
[DEBUG] onMeditateMessage
[INFO] Received message: {"@class":"tools.aqua.bgw.net.common.response.JoinGameResponse","status":"SUCCESS","sessionID":"1234","opponents":[],"message":"Welcome!^_^"}
[DEBUG] Received message of type tools.aqua.bgw.net.common.response.JoinGameResponse@1d4bd13a
[DEBUG] Received JoinGameResponse. Invoking handler for onJoinGameResponse.
[INFO] Connection is now open.
[DEBUG] Connection call succeeded without interruption and returned true.
[INFO] Requesting creation of new game with ID "Bonsai", sessionID "21401" and greeting message "Welcome!^_^".
[DEBUG] Found the following GameActionClasses:
[DEBUG] edu.udo.cs.sopra.ntf.CultivateMessage
[DEBUG] edu.udo.cs.sopra.ntf.MeditateMessage
[DEBUG] edu.udo.cs.sopra.ntf.StartGameMessage
[DEBUG] tools.aqua.bgw.net.protocol.client.service.messages.MauMauGameAction
[DEBUG] tools.aqua.bgw.net.protocol.client.service.messages.MauMauInitGameAction
[DEBUG] tools.aqua.bgw.net.protocol.client.service.messages.MauMauEndGameAction
[DEBUG] tools.aqua.bgw.net.protocol.client.service.messages.MauMauShuffleStackGameAction
[DEBUG] Found the following GameActionReceivers:
[DEBUG] onStartGameMessageReceived
[DEBUG] onCultivateMessage
[DEBUG] onMeditateMessage
[INFO] Received message: {"@class":"tools.aqua.bgw.net.common.response.CreateGameResponse","status":"SUCCESS","sessionID":"21401"}
[DEBUG] Received message of type tools.aqua.bgw.net.common.response.CreateGameResponse@111db327
[DEBUG] Received CreateGameResponse. Invoking handler for onCreateGameResponse.
[INFO] Initializing BoardGameClient on host sopra.cs.tu-dortmund.de:80/bgw-net/connect.
[DEBUG] Initializing annotated receiver functions.
[INFO] Connecting to ws://sopra.cs.tu-dortmund.de:80/bgw-net/connect.
[INFO] Connection is now open.
[DEBUG] Connection call succeeded without interruption and returned true.
[INFO] Requesting joining to sessionID 21401. Greeting message is: Welcome!^o^.
[INFO] Received message: {"@class":"tools.aqua.bgw.net.common.notification.PlayerJoinedNotification","message":"Welcome!^o^","sender":"HIHI"}
[INFO] Received message: {"@class":"tools.aqua.bgw.net.common.response.JoinGameResponse","status":"SUCCESS","sessionID":"21401","opponents":["Gary"],"message":"Welcome!^_^"}
[DEBUG] Received message of type tools.aqua.bgw.net.common.notification.PlayerJoinedNotification@152225dc
[DEBUG] Received PlayerJoinedNotification. Invoking handler for onPlayerJoined.
[DEBUG] Received message of type tools.aqua.bgw.net.common.response.JoinGameResponse@748f92d
[DEBUG] Received JoinGameResponse. Invoking handler for onJoinGameResponse.
[DEBUG] Found the following GameActionClasses:
[DEBUG] edu.udo.cs.sopra.ntf.CultivateMessage
[DEBUG] edu.udo.cs.sopra.ntf.MeditateMessage
[DEBUG] edu.udo.cs.sopra.ntf.StartGameMessage
[DEBUG] tools.aqua.bgw.net.protocol.client.service.messages.MauMauGameAction
[DEBUG] tools.aqua.bgw.net.protocol.client.service.messages.MauMauInitGameAction
[DEBUG] tools.aqua.bgw.net.protocol.client.service.messages.MauMauEndGameAction
[DEBUG] tools.aqua.bgw.net.protocol.client.service.messages.MauMauShuffleStackGameAction
[DEBUG] Found the following GameActionReceivers:
[DEBUG] onStartGameMessageReceived
[DEBUG] onCultivateMessage
[DEBUG] onMeditateMessage
[INFO] Sending GameActionMessage edu.udo.cs.sopra.ntf.StartGameMessage
[DEBUG] Sending GameAction as JSON: {"orderedPlayerNames":[{"first":"Gary","second":"RED"},{"first":"HIHI","second":"PURPLE"}],"chosenGoalTiles":["BROWN","PINK","GREEN"],"orderedCards":[{"first":"PARCHMENT","second":35},{"first":"HELPER","second":18},{"first":"HELPER","second":16},{"first":"GROWTH","second":6},{"first":"PARCHMENT","second":37},{"first":"GROWTH","second":5},{"first":"GROWTH","second":1},{"first":"MASTER","second":26},{"first":"HELPER","second":19},{"first":"HELPER","second":14},{"first":"GROWTH","second":4},{"first":"PARCHMENT","second":38},{"first":"MASTER","second":23},{"first":"PARCHMENT","second":39},{"first":"HELPER","second":15},{"first":"PARCHMENT","second":34},{"first":"MASTER","second":22},{"first":"MASTER","second":25},{"first":"GROWTH","second":7},{"first":"TOOL","second":43},{"first":"PARCHMENT","second":40},{"first":"MASTER","second":24},{"first":"GROWTH","second":0},{"first":"GROWTH","second":3},{"first":"MASTER","second":21},{"first":"GROWTH","second":2},{"first":"TOOL","second":42},{"first":"PARCHMENT","second":36},{"first":"HELPER","second":20},{"first":"HELPER","second":17},{"first":"TOOL","second":41},{"first":"MASTER","second":27}]}
[INFO] Received message: {"@class":"tools.aqua.bgw.net.common.response.GameActionResponse","status":"SUCCESS","errorMessages":[]}
[INFO] Received message: {"@class":"tools.aqua.bgw.net.common.message.GameActionMessage","payload":"{\"orderedPlayerNames\":[{\"first\":\"Gary\",\"second\":\"RED\"},{\"first\":\"HIHI\",\"second\":\"PURPLE\"}],\"chosenGoalTiles\":[\"BROWN\",\"PINK\",\"GREEN\"],\"orderedCards\":[{\"first\":\"PARCHMENT\",\"second\":35},{\"first\":\"HELPER\",\"second\":18},{\"first\":\"HELPER\",\"second\":16},{\"first\":\"GROWTH\",\"second\":6},{\"first\":\"PARCHMENT\",\"second\":37},{\"first\":\"GROWTH\",\"second\":5},{\"first\":\"GROWTH\",\"second\":1},{\"first\":\"MASTER\",\"second\":26},{\"first\":\"HELPER\",\"second\":19},{\"first\":\"HELPER\",\"second\":14},{\"first\":\"GROWTH\",\"second\":4},{\"first\":\"PARCHMENT\",\"second\":38},{\"first\":\"MASTER\",\"second\":23},{\"first\":\"PARCHMENT\",\"second\":39},{\"first\":\"HELPER\",\"second\":15},{\"first\":\"PARCHMENT\",\"second\":34},{\"first\":\"MASTER\",\"second\":22},{\"first\":\"MASTER\",\"second\":25},{\"first\":\"GROWTH\",\"second\":7},{\"first\":\"TOOL\",\"second\":43},{\"first\":\"PARCHMENT\",\"second\":40},{\"first\":\"MASTER\",\"second\":24},{\"first\":\"GROWTH\",\"second\":0},{\"first\":\"GROWTH\",\"second\":3},{\"first\":\"MASTER\",\"second\":21},{\"first\":\"GROWTH\",\"second\":2},{\"first\":\"TOOL\",\"second\":42},{\"first\":\"PARCHMENT\",\"second\":36},{\"first\":\"HELPER\",\"second\":20},{\"first\":\"HELPER\",\"second\":17},{\"first\":\"TOOL\",\"second\":41},{\"first\":\"MASTER\",\"second\":27}]}","prettyPrint":"StartGameMessage(\n\torderedPlayerNames=\tGary (RED)\n\tHIHI (PURPLE)\n\tchosenGoalTiles=\tBROWN\n\tPINK\n\tGREEN\n\torderedCards=\tPARCHMENT (35)\n\tHELPER (18)\n\tHELPER (16)\n\tGROWTH (6)\n\tPARCHMENT (37)\n\tGROWTH (5)\n\tGROWTH (1)\n\tMASTER (26)\n\tHELPER (19)\n\tHELPER (14)\n\tGROWTH (4)\n\tPARCHMENT (38)\n\tMASTER (23)\n\tPARCHMENT (39)\n\tHELPER (15)\n\tPARCHMENT (34)\n\tMASTER (22)\n\tMASTER (25)\n\tGROWTH (7)\n\tTOOL (43)\n\tPARCHMENT (40)\n\tMASTER (24)\n\tGROWTH (0)\n\tGROWTH (3)\n\tMASTER (21)\n\tGROWTH (2)\n\tTOOL (42)\n\tPARCHMENT (36)\n\tHELPER (20)\n\tHELPER (17)\n\tTOOL (41)\n\tMASTER (27)\n","sender":"Gary"}
[DEBUG] Received message of type tools.aqua.bgw.net.common.response.GameActionResponse@5020b91c
[DEBUG] Received GameActionResponse. Invoking handler for onGameActionResponse.
[DEBUG] Received message of type tools.aqua.bgw.net.common.message.GameActionMessage@3777d1c
[DEBUG] Received GameActionMessage. Invoking annotated receiver function.
[INFO] Sending GameActionMessage edu.udo.cs.sopra.ntf.CultivateMessage
[DEBUG] Sending GameAction as JSON: {"removedTilesAxialCoordinates":[],"playedTiles":[],"claimedGoals":[],"renouncedGoals":[]}
[INFO] Received message: {"@class":"tools.aqua.bgw.net.common.response.GameActionResponse","status":"SUCCESS","errorMessages":[]}
[INFO] Received message: {"@class":"tools.aqua.bgw.net.common.message.GameActionMessage","payload":"{\"removedTilesAxialCoordinates\":[],\"playedTiles\":[],\"claimedGoals\":[],\"renouncedGoals\":[]}","prettyPrint":"Played Cultivate:\n\tremoved tiles: \n\tplayed tiles: \n\tclaimed goals: \n\trenounced goals: ","sender":"Gary"}
[DEBUG] Received message of type tools.aqua.bgw.net.common.response.GameActionResponse@1d42229a
[DEBUG] Received message of type tools.aqua.bgw.net.common.message.GameActionMessage@4675f316
[DEBUG] Received GameActionResponse. Invoking handler for onGameActionResponse.
[DEBUG] Received GameActionMessage. Invoking annotated receiver function.
[INFO] Initializing BoardGameClient on host sopra.cs.tu-dortmund.de:80/bgw-net/connect.
[DEBUG] Initializing annotated receiver functions.
[INFO] Connecting to ws://sopra.cs.tu-dortmund.de:80/bgw-net/connect.
[INFO] Connection is now open.
[DEBUG] Connection call succeeded without interruption and returned true.
[INFO] Requesting creation of new game with ID "Bonsai", sessionID "1234" and greeting message "Welcome!^_^".
]]></system-out>
  <system-err><![CDATA[[2025.03.20 23:57:51] (Coverage): Error during class instrumentation: org.apache.commons.compress.harmony.pack200.Segment$SegmentFieldVisitor: java.lang.RuntimeException: java.io.IOException: Class org/objectweb/asm/Attribute not found
[2025.03.20 23:57:51] (Coverage): Error during class instrumentation: org.apache.commons.compress.harmony.pack200.Segment$SegmentMethodVisitor: java.lang.RuntimeException: java.io.IOException: Class org/objectweb/asm/Attribute not found
[2025.03.20 23:57:51] (Coverage): Error during class instrumentation: org.apache.commons.compress.harmony.pack200.Segment: java.lang.RuntimeException: java.io.IOException: Class org/objectweb/asm/Attribute not found
GameAction class tools.aqua.bgw.net.protocol.client.service.messages.MauMauGameAction has no valid receiver function. Incoming messages will be delegated to catchall function onGameActionReceived. Consider adding a handler.
GameAction class tools.aqua.bgw.net.protocol.client.service.messages.MauMauInitGameAction has no valid receiver function. Incoming messages will be delegated to catchall function onGameActionReceived. Consider adding a handler.
GameAction class tools.aqua.bgw.net.protocol.client.service.messages.MauMauEndGameAction has no valid receiver function. Incoming messages will be delegated to catchall function onGameActionReceived. Consider adding a handler.
GameAction class tools.aqua.bgw.net.protocol.client.service.messages.MauMauShuffleStackGameAction has no valid receiver function. Incoming messages will be delegated to catchall function onGameActionReceived. Consider adding a handler.
[2025.03.20 23:57:51] (Coverage): Error during class instrumentation: org.apache.commons.compress.harmony.pack200.Segment$SegmentFieldVisitor: java.lang.RuntimeException: java.io.IOException: Class org/objectweb/asm/Attribute not found
[2025.03.20 23:57:51] (Coverage): Error during class instrumentation: org.apache.commons.compress.harmony.pack200.Segment$SegmentMethodVisitor: java.lang.RuntimeException: java.io.IOException: Class org/objectweb/asm/Attribute not found
[2025.03.20 23:57:51] (Coverage): Error during class instrumentation: org.apache.commons.compress.harmony.pack200.Segment: java.lang.RuntimeException: java.io.IOException: Class org/objectweb/asm/Attribute not found
GameAction class tools.aqua.bgw.net.protocol.client.service.messages.MauMauGameAction has no valid receiver function. Incoming messages will be delegated to catchall function onGameActionReceived. Consider adding a handler.
GameAction class tools.aqua.bgw.net.protocol.client.service.messages.MauMauInitGameAction has no valid receiver function. Incoming messages will be delegated to catchall function onGameActionReceived. Consider adding a handler.
GameAction class tools.aqua.bgw.net.protocol.client.service.messages.MauMauEndGameAction has no valid receiver function. Incoming messages will be delegated to catchall function onGameActionReceived. Consider adding a handler.
GameAction class tools.aqua.bgw.net.protocol.client.service.messages.MauMauShuffleStackGameAction has no valid receiver function. Incoming messages will be delegated to catchall function onGameActionReceived. Consider adding a handler.
[2025.03.20 23:57:51] (Coverage): Error during class instrumentation: org.apache.commons.compress.harmony.pack200.Segment$SegmentFieldVisitor: java.lang.RuntimeException: java.io.IOException: Class org/objectweb/asm/Attribute not found
[2025.03.20 23:57:51] (Coverage): Error during class instrumentation: org.apache.commons.compress.harmony.pack200.Segment$SegmentMethodVisitor: java.lang.RuntimeException: java.io.IOException: Class org/objectweb/asm/Attribute not found
[2025.03.20 23:57:51] (Coverage): Error during class instrumentation: org.apache.commons.compress.harmony.pack200.Segment: java.lang.RuntimeException: java.io.IOException: Class org/objectweb/asm/Attribute not found
GameAction class tools.aqua.bgw.net.protocol.client.service.messages.MauMauGameAction has no valid receiver function. Incoming messages will be delegated to catchall function onGameActionReceived. Consider adding a handler.
GameAction class tools.aqua.bgw.net.protocol.client.service.messages.MauMauInitGameAction has no valid receiver function. Incoming messages will be delegated to catchall function onGameActionReceived. Consider adding a handler.
GameAction class tools.aqua.bgw.net.protocol.client.service.messages.MauMauEndGameAction has no valid receiver function. Incoming messages will be delegated to catchall function onGameActionReceived. Consider adding a handler.
GameAction class tools.aqua.bgw.net.protocol.client.service.messages.MauMauShuffleStackGameAction has no valid receiver function. Incoming messages will be delegated to catchall function onGameActionReceived. Consider adding a handler.
[2025.03.20 23:57:53] (Coverage): Error during class instrumentation: org.apache.commons.compress.harmony.pack200.Segment$SegmentFieldVisitor: java.lang.RuntimeException: java.io.IOException: Class org/objectweb/asm/Attribute not found
[2025.03.20 23:57:53] (Coverage): Error during class instrumentation: org.apache.commons.compress.harmony.pack200.Segment$SegmentMethodVisitor: java.lang.RuntimeException: java.io.IOException: Class org/objectweb/asm/Attribute not found
[2025.03.20 23:57:53] (Coverage): Error during class instrumentation: org.apache.commons.compress.harmony.pack200.Segment: java.lang.RuntimeException: java.io.IOException: Class org/objectweb/asm/Attribute not found
GameAction class tools.aqua.bgw.net.protocol.client.service.messages.MauMauGameAction has no valid receiver function. Incoming messages will be delegated to catchall function onGameActionReceived. Consider adding a handler.
GameAction class tools.aqua.bgw.net.protocol.client.service.messages.MauMauInitGameAction has no valid receiver function. Incoming messages will be delegated to catchall function onGameActionReceived. Consider adding a handler.
GameAction class tools.aqua.bgw.net.protocol.client.service.messages.MauMauEndGameAction has no valid receiver function. Incoming messages will be delegated to catchall function onGameActionReceived. Consider adding a handler.
GameAction class tools.aqua.bgw.net.protocol.client.service.messages.MauMauShuffleStackGameAction has no valid receiver function. Incoming messages will be delegated to catchall function onGameActionReceived. Consider adding a handler.
]]></system-err>
</testsuite>
