<?xml version="1.0" encoding="UTF-8"?>
<testsuite name="service.SwitchPlayerTurnTest" tests="1" skipped="0" failures="0" errors="0" timestamp="2025-03-20T22:57:58" hostname="Giang-Hoangs.local" time="0.005">
  <properties/>
  <testcase name="switchPlayerTurn should move to next player()" classname="service.SwitchPlayerTurnTest" time="0.005"/>
  <system-out><![CDATA[]]></system-out>
  <system-err><![CDATA[]]></system-err>
</testsuite>
