<?xml version="1.0" encoding="UTF-8"?>
<testsuite name="service.AxialArithmeticTest" tests="3" skipped="0" failures="0" errors="0" timestamp="2025-03-20T22:57:30" hostname="Giang-Hoangs.local" time="0.039">
  <properties/>
  <testcase name="circleAroundTest()" classname="service.AxialArithmeticTest" time="0.028"/>
  <testcase name="getEmptyTilesTest()" classname="service.AxialArithmeticTest" time="0.008"/>
  <testcase name="traverseFromRootTest()" classname="service.AxialArithmeticTest" time="0.002"/>
  <system-out><![CDATA[]]></system-out>
  <system-err><![CDATA[]]></system-err>
</testsuite>
